# feature-04 verification log — Inspector (5-tab + context meter)

May-7 audit verdict: CLOSED (commit bf1d7df). Audit text reports zero open findings.
Per orchestrator scope decision 3 (never trust): re-verify closeout against HEAD,
also scan for regressions since May 7.

start: 2026-05-07T20:18:21-05:00

## Verification trail

### Step 1 — confirm closeout commit exists in HEAD
- `git log bf1d7df -1` → `bf1d7df0 feat: wire evaluated_rules chain to Inspector Routing tab` ✓
- HEAD = `0036f7c1`; working tree clean apart from the V1_FEATURE_AUDIT.md and .v1-ship/ untracked artifacts spawned by this audit cycle.

### Step 2 — re-verify all 9 cited code paths from bf1d7df

1. `src/bearings/db/schema.sql:143` — `evaluated_rules TEXT DEFAULT '[]'` column on `messages` ✓
2. `src/bearings/db/connection.py:107` — `_ADDED_COLUMNS` migration entry: `("messages", "evaluated_rules", "TEXT DEFAULT '[]'")` ✓
3. `src/bearings/db/messages.py` — dataclass field (107), `insert_assistant` param (229) + SELECT (294, 311), import_messages (681), row mapper (635, 712-738) ✓
4. `src/bearings/agent/persistence.py:357` — `evaluated_rules=decision.evaluated_rules` ✓
5. `src/bearings/web/models/messages.py:61` — `evaluated_rules: list[int] = Field(default_factory=list)` ✓
6. `src/bearings/web/routes/messages.py:77` — `_to_out()` mapping ✓
7. `frontend/src/lib/api/messages.ts:46` — `evaluated_rules: number[]` on `MessageOut` ✓
8. `frontend/src/lib/config.ts:1697` — `routingTimelineEvalChainLabel: "Eval chain"` ✓
9. `frontend/src/lib/components/inspector/InspectorRouting.svelte:417-424` — eval chain rendered in *Why this model?* expandable, skipped rules muted, matched rule highlighted ✓

### Step 3 — Inspector tab inventory at HEAD

`frontend/src/lib/components/inspector/Inspector.svelte` mounts 8 tab components in order: Agent, Context, Instructions, Files, Changes, Metrics, Routing, Usage (lines 56-63 imports, 159-180 mounts). The May-7 audit characterised the feature as "5-tab + context meter"; HEAD has grown to 8 tabs (Files, Changes, Metrics added). All 5 originally-specified tabs (Agent / Context / Instructions / Routing / Usage) remain mounted — feature growth, not regression. `docs/behavior/chat.md:276` documents "Eight tabs are wired today" so spec and code agree.

### Step 4 — context-meter wiring

`frontend/src/lib/components/inspector/TokenMeter.svelte` exists and is imported by `frontend/src/lib/components/conversation/ConversationHeader.svelte:69, 325` (subscription billing mode). Wiring intact.

### Step 5 — regression scan since bf1d7df

- `git log bf1d7df..HEAD -- frontend/src/lib/components/inspector/` → empty (zero post-fix commits touched any Inspector frontend file).
- `git log bf1d7df..HEAD -- src/bearings/` → 4 commits, none touching the messages persistence path:
  - `bda4c513` extracts `_db/_quota_poller` to `routes/_deps.py` (web-route DI extraction; no behaviour change to inspector data flow)
  - `8d10474e` extracts `_is_known_model` to `db/_validators.py` (resolves §5 finding 9; tags/templates only, no message-path impact)
  - `4701ef22` per-button pending label on ApprovalModal (gap-cycle-20-002)
  - `f18759a8` rebuild dist bundle for evaluated_rules + gap-cycle-20-001
- None of these touch the evaluated_rules persistence path or inspector rendering.

## Verdict

Feature-04 closeout still holds at HEAD. Zero open findings, zero regressions detected.
Audit listed zero findings → JSONL output is empty (0 lines).
Callback: 0 still-open, 0 fixed-since-audit, 0 superseded.
end:   2026-05-07T20:19:59-05:00
