# Feature 3 — Routing v1 verification log

Verifier: session 1d82e1a9a8124504bdbd84c347a7a989.
Working dir: /home/beryndil/Projects/active/bearings, branch v1-rebuild.
Audit anchor: V1_FEATURE_AUDIT.md §"Per-feature findings" → "### 3. Routing v1".
Spec anchor: docs/model-routing-v1-spec.md (post-CCW-5 corrections).

## 2026-05-07 — start

Read runbook .v1-ship/runbooks/verifier.md. Findings list under audit
section #3 enumerates 9 items: 3 real defects, 4 minor quality issues,
2 spec errata. Plan one JSONL line per finding plus any
discovered-during-verification extras.

## Spec-side reading

- docs/model-routing-v1-spec.md §App A (lines ~575-595) — frozen
  RoutingDecision dataclass shape. Confirms `quota_state_at_decision`
  is the only quota-state carrier on the decision; no
  `advisor_disabled_reason` field.
- §4 (lines ~233-252) — guard rules. Post-CCW-5 body uses
  `advisor_model = NULL`, `source = 'quota_downgrade'`, and
  `reason = 'advisor disabled — overall quota ≥ 80%'`. The
  `advisor_disabled_reason` field has been struck.
- §8 (lines ~376-389) — override rate uses a 14-day rolling window
  with threshold 0.30.
- §9 (lines ~413-446) — API surface; `PATCH /api/routing/system/reorder`
  was added by CCW-5 (E-3 erratum). Implementation explicitly deferred
  to "feature 3 cleanup".
- §Errata E-1, E-2, E-3 (lines ~606-621) — three CCW-5 spec
  corrections, all shipped in commit 0036f7c1.

`git log --oneline docs/model-routing-v1-spec.md`:
  0036f7c1 docs(routing): resolve spec internal inconsistencies
  211b91d9 feat(scaffold): item 0.1 …

## Code-side reading

- src/bearings/agent/routing.py — `evaluate()` at L148-249. Function
  takes `quota_snapshot: QuotaSnapshot | None`, calls
  `quota_snapshot.quota_state_dict()` exactly once (L201) and threads
  the resulting dict into every returned RoutingDecision via
  `quota_state_at_decision=quota_state`. The dict is *not* used in
  any decision branch — purely a dataclass-population channel.
- src/bearings/agent/quota.py — `apply_quota_guard()` at L123-216.
  Always recomputes `new_state = snapshot.quota_state_dict()` (L161)
  and either folds it onto the unchanged decision via
  `replace(decision, quota_state_at_decision=new_state)` (L206) or
  rebuilds the decision with `quota_state_at_decision=new_state` (L215).
  Every code path in the guard overwrites the field.
- src/bearings/agent/quota.py:102-115 — `quota_state_dict()` uses
  `self.overall_used_pct or 0.0` / `self.sonnet_used_pct or 0.0`
  (audit's "minor 7"). Conflates legitimate 0.0 with None — the
  type contract on the underlying field is `float | None` and the
  `or` test treats 0.0 as falsy.
- src/bearings/agent/override_aggregator.py — Pass 2 origin CTE at
  L267-289. Outer `WITH origin AS (...)` selects messages whose
  `m.id` matches the earliest message of `m.session_id` (inner
  subquery L273-277). The inner subquery has *no time predicate*:
  it selects the all-time earliest rule-bearing message per session.
  The outer override CTE (L280-284) does include the cutoff filter
  on `created_at`, so the audit's "any scenario where a manual
  message appears inside the window for an out-of-window session
  would inflate the numerator silently" is exactly the gap.
- src/bearings/db/routing.py:343-359 — `list_for_tags()` is a Python
  loop calling `list_for_tag()` once per tag id; one SELECT per tag.
  Audit's "minor 4" stands.
- src/bearings/db/routing.py:224-243 / web/routes/routing.py:142-173
  — `create_tag_rule` route catches every `aiosqlite.IntegrityError`
  as 404 "tag not found". Audit's "minor 5" stands.
- src/bearings/db/routing.py:246-260, 405-419, 562-576, 677-691 —
  phantom dataclass instances (`RoutingRule(id=0, …)` /
  `SystemRoutingRule(id=0, …)`) constructed and discarded for
  validation side-effect. Audit's "minor 6" stands.
- src/bearings/web/routes/_deps.py — exists. `_db` and
  `_quota_poller` defined here at L33-63; module docstring
  explicitly cites V1_FEATURE_AUDIT.md feature 3 finding 3 as the
  motivation. routes/routing.py:52, routes/quota.py:26,
  routes/usage.py:33 all import from `bearings.web.routes._deps`.
  No duplication remains.
- `git log --oneline --follow src/bearings/web/routes/_deps.py` →
  bda4c513 refactor(web): extract _db/_quota_poller into routes/_deps.py
  (resolves audit feature-3 minor #3).

## Caller audit for defect 1

Two production callers of evaluate():
- src/bearings/web/routes/routing.py:395-401 — preview endpoint;
  passes `snapshot` to both evaluate() and apply_quota_guard().
- src/bearings/agent/session_assembly.py:289-296 — assembly path;
  passes `snapshot` to both evaluate() and apply_quota_guard().

Both callers pass the same snapshot to both functions; the audit's
"every caller passes the same snapshot to both functions" is exact.

## Discovered during verification

The spec's E-3 erratum (commit 0036f7c1) added
`PATCH /api/routing/system/reorder` to §9. Code does not implement
the route and the frontend still uses N per-rule PATCHes
(`frontend/src/lib/api/routingRules.ts:23-26`). Spec text at L429-431
explicitly defers implementation to "feature 3 cleanup" — therefore
a known gap, but a STILL_OPEN one against current HEAD that no audit
finding tracks. Logged as feature-3-001-extra.

## Verdict roll-up

Real defects (3): 1 + 2 STILL_OPEN, 3 FIXED_SINCE_AUDIT (bda4c513).
Minor quality (4): all four STILL_OPEN.
Spec errata (2): both SUPERSEDED — spec rewritten by commit 0036f7c1.
Extras (1): system-rule reorder endpoint missing in code → STILL_OPEN.

Final tally: 6 audit STILL_OPEN + 1 extra STILL_OPEN, 1 FIXED_SINCE_AUDIT,
2 SUPERSEDED. Total entries = 10 (9 audit + 1 extra).
