# Feature 5 — Tags & sidebar — verifier audit log

Verifier session: 22eae63bd1c14c21b223dd5f08cdea23
Callback target: dbeeec369cb84db78ba88f0ec2a07b83
HEAD at audit: 0036f7c1 (docs(routing): resolve spec internal inconsistencies)
Audit date: 2026-05-07

## Reading trail

- 2026-05-07 — read V1_FEATURE_AUDIT.md §"5. Tags & sidebar" lines 204-253 (14 findings).
- 2026-05-07 — read docs/behavior/sessions.md (no §"Tags" section; tag classes/cardinality not behavior-doc-specced).
- 2026-05-07 — read src/bearings/web/routes/sessions.py (PATCH at L435-516, _validate_tag_cardinality at L161-212; POST calls validator L371, PATCH does NOT).
- 2026-05-07 — read src/bearings/web/routes/tags.py (no broadcaster import; PUT/DELETE attach/detach at L253-290 do not publish; tag CRUD at L93-243 does not publish).
- 2026-05-07 — read src/bearings/db/tags.py (set_for_session L643-667 has no explicit BEGIN; update_sort_orders L706-759 has no explicit BEGIN; relies on aiosqlite implicit isolation; imports _is_known_model from db._validators).
- 2026-05-07 — read src/bearings/db/templates.py (also imports from db._validators since 8d10474e).
- 2026-05-07 — read src/bearings/db/_validators.py (created by commit 8d10474e — "extract _is_known_model into db/_validators.py").
- 2026-05-07 — read src/bearings/web/routes/history.py — search SQL uses LIKE :pat ESCAPE '\\' but pattern is f"%{q}%" with NO escaping of % / _ in q. Search joins messages and sessions only, NOT tags. No FTS5.
- 2026-05-07 — read src/bearings/web/routes/ws_sessions.py — _fan_out at L127-135 iterates self._subscribers without snapshot; queues created with bare asyncio.Queue() at L78 (unbounded).
- 2026-05-07 — read frontend/src/lib/components/sidebar/SidebarSearch.svelte — no aria-live, no nav-hint footer, no timestamp/tag-chip in result row, no cap indicator.
- 2026-05-07 — read frontend/src/lib/components/sidebar/SessionRow.svelte L704-737 — chip uses bg-accent / bg-surface-2 utility classes; tag.color never read.
- 2026-05-07 — grep tag_ids_other across repo: still present in routes/sessions.py, db/sessions.py, frontend/api/sessions.ts, stores, tests; no rename to tag_ids_general.
- 2026-05-07 — git log -S "_is_known_model" -- src/bearings/db/_validators.py → 8d10474e refactor(db).

## Verdict summary

- Finding 1 (PATCH cardinality skip): STILL_OPEN — PATCH handler at routes/sessions.py:435-516 never invokes _validate_tag_cardinality; only POST does (L371). set_for_session does not validate.
- Finding 2 (LIKE escape): STILL_OPEN — routes/history.py:102 builds f"%{q}%" with no escape of literal % / _ in q.
- Finding 3 (PUT/DELETE attach/detach no broadcast): STILL_OPEN — routes/tags.py:253-290 omit publish_upsert.
- Finding 4 (Tag CRUD no broadcast): STILL_OPEN — routes/tags.py POST/PATCH/DELETE/PUT sort-order do not publish.
- Finding 5 (Single-attach cardinality hole): STILL_OPEN — routes/tags.py:266 calls db.attach with no validation; combined with finding 1 makes 2-project state permanent.
- Finding 6 (tag_ids_other naming): STILL_OPEN — wire param + DB layer still use "_other".
- Finding 7 (history search ignores tags): STILL_OPEN — routes/history.py joins only sessions/messages.
- Finding 8 (no FTS5): STILL_OPEN — bare LIKE on messages.content.
- Finding 9 (_is_known_model duplicated): FIXED_SINCE_AUDIT (commit 8d10474e). Both tags.py and templates.py now import from db._validators.
- Finding 10 (_fan_out iterates live set): STILL_OPEN — ws_sessions.py:134 iterates self._subscribers directly.
- Finding 11 (subscriber queues unbounded): STILL_OPEN — ws_sessions.py:78 uses asyncio.Queue() with no maxsize.
- Finding 12 (implicit transactions): STILL_OPEN — set_for_session and update_sort_orders rely on aiosqlite implicit BEGIN.
- Finding 13 (SidebarSearch UX gaps): STILL_OPEN — no aria-live / nav-hint / timestamp / tag-chip / cap indicator.
- Finding 14 (tag.color unused in SessionRow): STILL_OPEN — SessionRow.svelte L719-723 uses utility classes; tag.color ignored.

Total: 13 STILL_OPEN, 1 FIXED_SINCE_AUDIT, 0 SUPERSEDED.
