# Feature 6 verifier audit log — Checklists, paired chats, auto-driver

Started: 2026-05-07T20:17:34-05:00


## Findings cross-referenced against HEAD

### F1 (Critical) — Blocking followups don't recurse
- Cited path: `auto_driver.py:501-507`
- HEAD: `src/bearings/agent/auto_driver.py:499-507` — `_apply_followups` calls
  `checklists_db.create(...parent_item_id=item.id)` on FOLLOWUP_BLOCKING and
  returns. No recursion — the calling leg loop continues after the followup
  insertion. `_drive_item` does not pause the parent or drive the child to
  terminal before resuming.
- Spec: `docs/behavior/checklists.md:70-71` — "A new child item is appended
  under the current item. The driver recurses into the child before
  completing the parent."
- Verdict: **STILL_OPEN**

### F2 (Critical) — Checklist auto-close cascade missing
- Cited path: `routes/checklists.py:278-287`
- HEAD: `src/bearings/web/routes/checklists.py:278-287` — `check_item` only
  calls `checklists_db.mark_checked` and returns the item. No paired-chat
  close, no parent walk, no auto-close of the checklist session.
  `db/checklists.py:396-419` `mark_checked` is also a single UPDATE — no
  cascade.
- Spec: `docs/behavior/checklists.md:47` — "Checking a paired item closes
  the chat. ... cascades up: each parent whose children are all complete
  auto-closes, and the parent checklist session auto-closes when every
  root item is complete."
- Verdict: **STILL_OPEN**

### F3 (Critical) — Chat deletion does not clear item pointer
- HEAD: `src/bearings/db/schema.sql:307` — `FOREIGN KEY (chat_session_id)
  REFERENCES sessions(id) ON DELETE SET NULL`. `db/connection.py:79`
  enables `PRAGMA foreign_keys = ON` on every connection. `db/sessions.py
  :1020-1039` `delete()` uses the bootstrapped connection so the FK
  fires; the docstring there explicitly cites the contract.
- The schema FK was present from item 0.4 (commit `0e92965d`,
  2026-04-28), well before the 2026-05-07 audit. Audit appears to have
  missed the FK constraint.
- Verdict: **FIXED_SINCE_AUDIT** (technically: never broken in HEAD;
  resolving commit pre-dates audit).

### F4 (High) — Spawn-from-reply UI never wired
- HEAD: `frontend/src/lib/components/conversation/MessageTurn.svelte:43`
  imports `spawnFromReply`; lines 163-171 implement the click handler;
  lines 474-485 render the `＋ SPAWN` button gated on `!isPaired`.
  Frontend test at `MessageTurn.test.ts` exists.
- Resolving commit: `de9f0137` (2026-05-07 01:14) "feat: spawn-from-reply
  endpoint + SPAWN pill (gap-cycle-03-007)".
- Verdict: **FIXED_SINCE_AUDIT**

### F5 (High) — `visit_existing` + closed-chat unchecked
- Cited path: `auto_driver.py:285-291`
- HEAD: `src/bearings/agent/auto_driver.py:285-291` — `if
  self._config.visit_existing and leg_number == 1 and item.chat_session_id:
  leg_session_id = item.chat_session_id`. Only checks pointer presence,
  not session-open state. Spec
  (`docs/behavior/checklists.md:60`) says: "Items with no paired chat
  (or a closed paired chat) are skipped."
- Verdict: **STILL_OPEN**

### F6 (Medium) — Followup label not validated; whitespace labels create invalid items
- HEAD: `src/bearings/db/checklists.py:91-100` `__post_init__` only checks
  `if not self.label:` — `"   "` is truthy and slips through. Auto-driver
  `_apply_followups` (`auto_driver.py:499-514`) only checks `and label`
  (truthy), no `.strip()` discipline.
- Verdict: **STILL_OPEN**

### F7 (Medium) — No recovery if leg session vanishes mid-run
- HEAD: `src/bearings/agent/auto_driver.py:_run_leg_turns` calls
  `runtime.run_turn` without a try/except for session-vanished failure.
  `auto_driver_runtime.py:121-126` `run_turn` raises out of
  `runner_factory` if the session is gone — propagates to `drive()`
  which has `except StopRequested:` only. Any other exception escapes
  the registry's done-callback as an unhandled task error.
- Verdict: **STILL_OPEN**

### F8 (Medium) — Sidebar does not push leg-cutover events
- HEAD: `auto_driver.py:_drive_item` calls `runtime.teardown_leg`
  (`auto_driver_runtime.py:128-136`) which only drops a pressure-cache
  entry. No `publish_upsert(closed_at=…)` for the predecessor leg, no
  close on the chat session at handoff. New legs DO broadcast (via
  `web/app.py:197 _leg_session_factory` → `publish_upsert`), but the
  predecessor chat row stays "open" — the user sees rows accumulate,
  not "fast-cycle".
- Spec: `docs/behavior/checklists.md:69` "the previous chat closes,
  a fresh one opens against the same item"; line 121 "fast-cycling
  sequence of new chat rows".
- Verdict: **STILL_OPEN**

### F9 (Stale docs) — TODO.md PairedChatIndicator + ChecklistChat entries dead
- HEAD: `TODO.md:202-218` claims `PairedChatIndicator` is unmounted —
  but `ConversationHeader.svelte:65,307` imports and renders it.
  `TODO.md:258-266` claims `ChecklistChat` was deleted — but
  `ChecklistView.svelte:90,332` imports and renders it (component file
  exists at `frontend/src/lib/components/checklist/ChecklistChat.svelte`).
- Verdict: **STILL_OPEN**
